<?xml version="1.0" encoding="utf-8"?>
<TestRun id="ced8b99b-2cb4-4c7f-a67d-527b5cfd7f50" name="Administrator@DESKTOP-V1Q1BFU 2025-05-10 13:16:55" runUser="DESKTOP-V1Q1BFU\Administrator" xmlns="http://microsoft.com/schemas/VisualStudio/TeamTest/2010">
  <Times creation="2025-05-10T13:16:55.2438503+03:00" queuing="2025-05-10T13:16:55.2438506+03:00" start="2025-05-10T13:16:54.4402224+03:00" finish="2025-05-10T13:16:55.2479735+03:00" />
  <TestSettings name="default" id="3c4f612c-7e57-4c3e-a22d-947abb4cbcff">
    <Deployment runDeploymentRoot="Administrator_DESKTOP-V1Q1BFU_2025-05-10_13_16_55" />
  </TestSettings>
  <Results>
    <UnitTestResult executionId="1eb4a16e-3813-474b-9480-cd161c2c0de3" testId="b735f038-11e8-8dea-9bb6-fbb5a123907e" testName="FlowOrchestrator.BranchController.Tests.UnitTest1.Test1" computerName="DESKTOP-V1Q1BFU" duration="00:00:00.0021132" startTime="2025-05-10T13:16:55.0960500+03:00" endTime="2025-05-10T13:16:55.0960683+03:00" testType="13cdc9d9-ddb5-4fa4-a97d-d965ccfc6d4b" outcome="Passed" testListId="8c84fa94-04c1-424b-9868-57a2d4851a1d" relativeResultsDirectory="1eb4a16e-3813-474b-9480-cd161c2c0de3" />
  </Results>
  <TestDefinitions>
    <UnitTest name="FlowOrchestrator.BranchController.Tests.UnitTest1.Test1" storage="c:\users\administrator\documents\cline\flowarchitecturesystem\design13\tests\unit\floworchestrator.branchcontroller.tests\bin\debug\net9.0\floworchestrator.branchcontroller.tests.dll" id="b735f038-11e8-8dea-9bb6-fbb5a123907e">
      <Execution id="1eb4a16e-3813-474b-9480-cd161c2c0de3" />
      <TestMethod codeBase="C:\Users\Administrator\Documents\Cline\FlowArchitectureSystem\Design13\tests\Unit\FlowOrchestrator.BranchController.Tests\bin\Debug\net9.0\FlowOrchestrator.BranchController.Tests.dll" adapterTypeName="executor://xunit/VsTestRunner2/netcoreapp" className="FlowOrchestrator.BranchController.Tests.UnitTest1" name="Test1" />
    </UnitTest>
  </TestDefinitions>
  <TestEntries>
    <TestEntry testId="b735f038-11e8-8dea-9bb6-fbb5a123907e" executionId="1eb4a16e-3813-474b-9480-cd161c2c0de3" testListId="8c84fa94-04c1-424b-9868-57a2d4851a1d" />
  </TestEntries>
  <TestLists>
    <TestList name="Results Not in a List" id="8c84fa94-04c1-424b-9868-57a2d4851a1d" />
    <TestList name="All Loaded Results" id="19431567-8539-422a-85d7-44ee4e166bda" />
  </TestLists>
  <ResultSummary outcome="Completed">
    <Counters total="1" executed="1" passed="1" failed="0" error="0" timeout="0" aborted="0" inconclusive="0" passedButRunAborted="0" notRunnable="0" notExecuted="0" disconnected="0" warning="0" completed="0" inProgress="0" pending="0" />
    <Output>
      <StdOut>[xUnit.net 00:00:00.00] xUnit.net VSTest Adapter v2.8.2+699d445a1a (64-bit .NET 9.0.3)&#xD;
[xUnit.net 00:00:00.07]   Discovering: FlowOrchestrator.BranchController.Tests&#xD;
[xUnit.net 00:00:00.11]   Discovered:  FlowOrchestrator.BranchController.Tests&#xD;
[xUnit.net 00:00:00.11]   Starting:    FlowOrchestrator.BranchController.Tests&#xD;
[xUnit.net 00:00:00.16]   Finished:    FlowOrchestrator.BranchController.Tests&#xD;
</StdOut>
    </Output>
  </ResultSummary>
</TestRun>