<?xml version="1.0" encoding="utf-8"?>
<TestRun id="ecb9f2a8-f985-46db-ba15-8763e87e41b5" name="Administrator@DESKTOP-V1Q1BFU 2025-05-10 13:17:00" runUser="DESKTOP-V1Q1BFU\Administrator" xmlns="http://microsoft.com/schemas/VisualStudio/TeamTest/2010">
  <Times creation="2025-05-10T13:17:00.5674636+03:00" queuing="2025-05-10T13:17:00.5674638+03:00" start="2025-05-10T13:16:59.8173244+03:00" finish="2025-05-10T13:17:00.5718820+03:00" />
  <TestSettings name="default" id="10503b65-bf6a-43fe-b126-776ed3c07941">
    <Deployment runDeploymentRoot="Administrator_DESKTOP-V1Q1BFU_2025-05-10_13_17_00" />
  </TestSettings>
  <Results>
    <UnitTestResult executionId="58e6e96d-c484-4819-b736-f4241d68b53e" testId="2976b37a-d0f5-42e0-078e-d9fe11add93f" testName="FlowOrchestrator.ExecutionDomain.Tests.UnitTest1.Test1" computerName="DESKTOP-V1Q1BFU" duration="00:00:00.0028463" startTime="2025-05-10T13:17:00.4484580+03:00" endTime="2025-05-10T13:17:00.4484765+03:00" testType="13cdc9d9-ddb5-4fa4-a97d-d965ccfc6d4b" outcome="Passed" testListId="8c84fa94-04c1-424b-9868-57a2d4851a1d" relativeResultsDirectory="58e6e96d-c484-4819-b736-f4241d68b53e" />
  </Results>
  <TestDefinitions>
    <UnitTest name="FlowOrchestrator.ExecutionDomain.Tests.UnitTest1.Test1" storage="c:\users\administrator\documents\cline\flowarchitecturesystem\design13\tests\integration\floworchestrator.executiondomain.tests\bin\debug\net9.0\floworchestrator.executiondomain.tests.dll" id="2976b37a-d0f5-42e0-078e-d9fe11add93f">
      <Execution id="58e6e96d-c484-4819-b736-f4241d68b53e" />
      <TestMethod codeBase="C:\Users\Administrator\Documents\Cline\FlowArchitectureSystem\Design13\tests\Integration\FlowOrchestrator.ExecutionDomain.Tests\bin\Debug\net9.0\FlowOrchestrator.ExecutionDomain.Tests.dll" adapterTypeName="executor://xunit/VsTestRunner2/netcoreapp" className="FlowOrchestrator.ExecutionDomain.Tests.UnitTest1" name="Test1" />
    </UnitTest>
  </TestDefinitions>
  <TestEntries>
    <TestEntry testId="2976b37a-d0f5-42e0-078e-d9fe11add93f" executionId="58e6e96d-c484-4819-b736-f4241d68b53e" testListId="8c84fa94-04c1-424b-9868-57a2d4851a1d" />
  </TestEntries>
  <TestLists>
    <TestList name="Results Not in a List" id="8c84fa94-04c1-424b-9868-57a2d4851a1d" />
    <TestList name="All Loaded Results" id="19431567-8539-422a-85d7-44ee4e166bda" />
  </TestLists>
  <ResultSummary outcome="Completed">
    <Counters total="1" executed="1" passed="1" failed="0" error="0" timeout="0" aborted="0" inconclusive="0" passedButRunAborted="0" notRunnable="0" notExecuted="0" disconnected="0" warning="0" completed="0" inProgress="0" pending="0" />
    <Output>
      <StdOut>[xUnit.net 00:00:00.00] xUnit.net VSTest Adapter v2.8.2+699d445a1a (64-bit .NET 9.0.3)&#xD;
[xUnit.net 00:00:00.07]   Discovering: FlowOrchestrator.ExecutionDomain.Tests&#xD;
[xUnit.net 00:00:00.11]   Discovered:  FlowOrchestrator.ExecutionDomain.Tests&#xD;
[xUnit.net 00:00:00.11]   Starting:    FlowOrchestrator.ExecutionDomain.Tests&#xD;
[xUnit.net 00:00:00.16]   Finished:    FlowOrchestrator.ExecutionDomain.Tests&#xD;
</StdOut>
    </Output>
  </ResultSummary>
</TestRun>