<?xml version="1.0" encoding="utf-8"?>
<TestRun id="d710ac28-0485-491b-9458-89cea13b53b6" name="Administrator@DESKTOP-V1Q1BFU 2025-05-10 13:16:57" runUser="DESKTOP-V1Q1BFU\Administrator" xmlns="http://microsoft.com/schemas/VisualStudio/TeamTest/2010">
  <Times creation="2025-05-10T13:16:57.8798290+03:00" queuing="2025-05-10T13:16:57.8798293+03:00" start="2025-05-10T13:16:57.1579805+03:00" finish="2025-05-10T13:16:57.8838512+03:00" />
  <TestSettings name="default" id="48b1a5ed-36ce-4d0b-85c6-bc9204366fae">
    <Deployment runDeploymentRoot="Administrator_DESKTOP-V1Q1BFU_2025-05-10_13_16_57" />
  </TestSettings>
  <Results>
    <UnitTestResult executionId="45d2b762-0e16-4805-bb52-9a2e83d0c4bb" testId="455fcba8-bc68-5bed-2e93-5657c86b5bef" testName="FlowOrchestrator.Recovery.Tests.UnitTest1.Test1" computerName="DESKTOP-V1Q1BFU" duration="00:00:00.0028013" startTime="2025-05-10T13:16:57.7601854+03:00" endTime="2025-05-10T13:16:57.7602260+03:00" testType="13cdc9d9-ddb5-4fa4-a97d-d965ccfc6d4b" outcome="Passed" testListId="8c84fa94-04c1-424b-9868-57a2d4851a1d" relativeResultsDirectory="45d2b762-0e16-4805-bb52-9a2e83d0c4bb" />
  </Results>
  <TestDefinitions>
    <UnitTest name="FlowOrchestrator.Recovery.Tests.UnitTest1.Test1" storage="c:\users\administrator\documents\cline\flowarchitecturesystem\design13\tests\unit\floworchestrator.recovery.tests\bin\debug\net9.0\floworchestrator.recovery.tests.dll" id="455fcba8-bc68-5bed-2e93-5657c86b5bef">
      <Execution id="45d2b762-0e16-4805-bb52-9a2e83d0c4bb" />
      <TestMethod codeBase="C:\Users\Administrator\Documents\Cline\FlowArchitectureSystem\Design13\tests\Unit\FlowOrchestrator.Recovery.Tests\bin\Debug\net9.0\FlowOrchestrator.Recovery.Tests.dll" adapterTypeName="executor://xunit/VsTestRunner2/netcoreapp" className="FlowOrchestrator.Recovery.Tests.UnitTest1" name="Test1" />
    </UnitTest>
  </TestDefinitions>
  <TestEntries>
    <TestEntry testId="455fcba8-bc68-5bed-2e93-5657c86b5bef" executionId="45d2b762-0e16-4805-bb52-9a2e83d0c4bb" testListId="8c84fa94-04c1-424b-9868-57a2d4851a1d" />
  </TestEntries>
  <TestLists>
    <TestList name="Results Not in a List" id="8c84fa94-04c1-424b-9868-57a2d4851a1d" />
    <TestList name="All Loaded Results" id="19431567-8539-422a-85d7-44ee4e166bda" />
  </TestLists>
  <ResultSummary outcome="Completed">
    <Counters total="1" executed="1" passed="1" failed="0" error="0" timeout="0" aborted="0" inconclusive="0" passedButRunAborted="0" notRunnable="0" notExecuted="0" disconnected="0" warning="0" completed="0" inProgress="0" pending="0" />
    <Output>
      <StdOut>[xUnit.net 00:00:00.00] xUnit.net VSTest Adapter v2.8.2+699d445a1a (64-bit .NET 9.0.3)&#xD;
[xUnit.net 00:00:00.07]   Discovering: FlowOrchestrator.Recovery.Tests&#xD;
[xUnit.net 00:00:00.10]   Discovered:  FlowOrchestrator.Recovery.Tests&#xD;
[xUnit.net 00:00:00.11]   Starting:    FlowOrchestrator.Recovery.Tests&#xD;
[xUnit.net 00:00:00.17]   Finished:    FlowOrchestrator.Recovery.Tests&#xD;
</StdOut>
    </Output>
  </ResultSummary>
</TestRun>